<?xml version="1.0" encoding="UTF-8"?>
<!-- Generated by org.testng.reporters.JUnitReportReporter -->
<testsuite hostname="Divyas-MacBook-Pro.local" failures="0" tests="1" name="org.vapasi.test.AppTest" time="31.290" errors="0" timestamp="22 Nov 2021 05:54:33 GMT" skipped="0">
  <testcase classname="org.vapasi.test.AppTest" name="addCart" time="31.290"/>
</testsuite> <!-- org.vapasi.test.AppTest -->
