<?xml version="1.0" encoding="UTF-8"?>
<!-- Generated by org.testng.reporters.JUnitReportReporter -->
<testsuite hostname="Divyas-MacBook-Pro.local" failures="0" tests="1" name="org.vapasi.test.FactoryModelAppTest" time="22.005" errors="0" timestamp="22 Nov 2021 05:54:34 GMT" skipped="0">
  <testcase classname="org.vapasi.test.FactoryModelAppTest" name="addCart" time="22.005"/>
</testsuite> <!-- org.vapasi.test.FactoryModelAppTest -->
