<?xml version="1.0" encoding="UTF-8"?>
<!-- Generated by org.testng.reporters.JUnitReportReporter -->
<testsuite hostname="Divyas-MacBook-Pro.local" failures="0" tests="1" name="org.vapasi.test.AppTest" time="24.906" errors="0" timestamp="19 Nov 2021 09:46:22 GMT" skipped="0">
  <testcase classname="org.vapasi.test.AppTest" name="addCart" time="24.906"/>
</testsuite> <!-- org.vapasi.test.AppTest -->
